<?xml version="1.0" encoding="utf-8" standalone="no"?>
<!--This file represents the results of running a test suite-->
<test-results name="F:\Temp\myopensource\github\Vulcan.AspNetMvc\src\dist\Vulcan.AspNetMvc.Test.dll" total="2" errors="0" failures="0" not-run="0" inconclusive="0" ignored="0" skipped="0" invalid="0" date="2014-12-30" time="14:00:30">
  <environment nunit-version="2.6.3.13283" clr-version="2.0.50727.8009" os-version="Microsoft Windows NT 6.2.9200.0" platform="Win32NT" cwd="F:\Temp\myopensource\github\Vulcan.AspNetMvc\src" machine-name="SH-WANGSHAOMING" user="wangshaoming" user-domain="SNDA" />
  <culture-info current-culture="zh-CN" current-uiculture="zh-CN" />
  <test-suite type="Assembly" name="F:\Temp\myopensource\github\Vulcan.AspNetMvc\src\dist\Vulcan.AspNetMvc.Test.dll" executed="True" result="Success" success="True" time="1.492" asserts="0">
    <results>
      <test-suite type="Namespace" name="Vulcan" executed="True" result="Success" success="True" time="1.472" asserts="0">
        <results>
          <test-suite type="Namespace" name="AspNetMvc" executed="True" result="Success" success="True" time="1.472" asserts="0">
            <results>
              <test-suite type="Namespace" name="Test" executed="True" result="Success" success="True" time="1.472" asserts="0">
                <results>
                  <test-suite type="Namespace" name="Controllers" executed="True" result="Success" success="True" time="1.458" asserts="0">
                    <results>
                      <test-suite type="TestFixture" name="TestContollerIoc" executed="True" result="Success" success="True" time="1.456" asserts="0">
                        <results>
                          <test-case name="Vulcan.AspNetMvc.Test.Controllers.TestContollerIoc.TestContollerIocSayHello" executed="True" result="Success" success="True" time="1.289" asserts="3" />
                        </results>
                      </test-suite>
                    </results>
                  </test-suite>
                  <test-suite type="Namespace" name="DependencyInjection" executed="True" result="Success" success="True" time="0.008" asserts="0">
                    <results>
                      <test-suite type="TestFixture" name="TestIoc" executed="True" result="Success" success="True" time="0.007" asserts="0">
                        <results>
                          <test-case name="Vulcan.AspNetMvc.Test.DependencyInjection.TestIoc.TestServiceFactory" executed="True" result="Success" success="True" time="0.004" asserts="2" />
                        </results>
                      </test-suite>
                    </results>
                  </test-suite>
                </results>
              </test-suite>
            </results>
          </test-suite>
        </results>
      </test-suite>
    </results>
  </test-suite>
</test-results>